242 
178 1203
228 241
257 342
353 536
357 498
542 769
653 766
716 757
837 1152
848 1010
1204 1380
1205 1228
1315 1361
1385 19999
1389 2505
1675 1935
1741 1898
1765 1859
1938 2497
2091 2138
2141 2313
2323 2458
2330 2371
2519 2905
2742 2852
2875 2894
2913 9558
2955 3191
2978 3187
3123 3132
3197 4186
3423 4176
3445 3991
3478 3667
3575 3590
3711 3769
3783 3957
3875 3884
4023 4120
4093 4102
4211 4352
4216 4259
4295 4333
4360 5857
4399 4410
4421 4571
4659 4944
4813 4907
4946 5132
5139 5360
5370 5842
5383 5816
5404 5650
5429 5645
5666 5803
5885 6448
5912 6236
5999 6229
6112 6214
6454 9220
6556 7191
6623 7190
6688 6879
6913 7130
7195 7229
7239 7555
7271 7399
7568 8017
7578 7716
7593 7676
7910 7990
8022 9214
8050 8968
8085 8286
8169 8177
8265 8279
8298 8417
8324 8397
8439 8575
8554 8573
8578 8951
8713 8939
8735 8814
8971 9132
9162 9202
9224 9556
9236 9294
9479 9526
9559 12242
9772 10003
9822 9893
9910 9914
10012 12167
10085 10138
10150 11042
10167 11040
10215 10249
10252 10646
10255 10331
10429 10500
10507 10571
10674 10735
10754 10932
10952 11036
11085 11365
11372 12130
11388 11413
11477 11672
11508 11533
11732 11895
11900 12081
12168 12230
12243 19703
12288 16467
12361 12564
12402 12429
12588 12894
12896 14020
13107 14018
13265 14014
13316 13560
13369 13555
13416 13439
13458 13542
13576 13785
13626 13667
13628 13638
13790 14008
13858 13893
14050 14702
14103 14138
14376 14446
14463 14500
14502 14689
14610 14652
14708 14857
14858 16466
14947 16276
14961 15010
15018 15382
15127 15289
15129 15180
15391 15573
15602 16253
15695 16211
15739 16197
15947 16061
16212 16240
16285 16458
16359 16441
16473 19699
16483 16584
16609 16871
16653 16710
16725 16735
16886 17266
17158 17257
17289 18303
17357 17512
17373 17480
17394 17412
17515 17712
17521 17613
17775 17823
17829 18276
18305 19698
18415 18624
18706 18768
18738 18751
18799 19685
19114 19675
19165 19232
19282 19627
19492 19596
19704 19998
19728 19868
19746 19867
